Arguments: 
  C:\Program Files\nodejs\node.exe C:\Program Files\nodejs\node_modules\yarn\bin\yarn.js

PATH: 
  C:\Program Files (x86)\Common Files\Oracle\Java\javapath;C:\ProgramData\Oracle\Java\javapath;C:\Windows\system32;C:\Windows;C:\Windows\System32\Wbem;C:\Windows\System32\WindowsPowerShell\v1.0\;C:\Program Files (x86)\ATI Technologies\ATI.ACE\Core-Static;C:\Program Files (x86)\Common Files\Acronis\SnapAPI\;c:\Program Files (x86)\Microsoft SQL Server\100\Tools\Binn\;c:\Program Files\Microsoft SQL Server\100\Tools\Binn\;c:\Program Files\Microsoft SQL Server\100\DTS\Binn\;C:\Program Files (x86)\QuickTime\QTSystem\;C:\Program Files\Microsoft\Web Platform Installer\;C:\Program Files (x86)\NVIDIA Corporation\PhysX\Common;C:\Program Files (x86)\Microsoft SDKs\TypeScript\1.0\;C:\Program Files (x86)\GtkSharp\2.12\bin;C:\WINDOWS\system32;C:\WINDOWS;C:\WINDOWS\System32\Wbem;C:\WINDOWS\System32\WindowsPowerShell\v1.0\;C:\Program Files (x86)\OpenSSH\bin;C:\Python27\python.exe;C:\Program Files\Microsoft SQL Server\130\Tools\Binn\;C:\Program Files\dotnet\;C:\WINDOWS\System32\OpenSSH\;C:\Program Files\Microsoft VS Code\bin;C:\Program Files\Git\cmd;%NVM_HOME%;%NVM_SYMLINK%;C:\RailsInstaller\Git\cmd;C:\RailsInstaller\Ruby1.9.3\bin;C:\Users\Mohammad Doleh\AppData\Local\Microsoft\WindowsApps;C:\Users\Mohammad Doleh\AppData\Roaming\npm;C:\Users\Mohammad Doleh\AppData\Local\Programs\Fiddler;C:\Users\Mohammad Doleh\AppData\Local\Microsoft\WindowsApps;C:\Program Files\Microsoft VS Code\bin;C:\Users\Mohammad Doleh\AppData\Roaming\nvm;C:\Program Files\nodejs

Yarn version: 
  1.13.0

Node version: 
  11.9.0

Platform: 
  win32 x64

Trace: 
  Error: EPERM: operation not permitted, lstat 'C:\Users\Mohammad Doleh\Documents\GitHub\LazerTeamTheGame\node_modules\@babel\code-frame'

npm manifest: 
  {
    "name": "phaser3-project-template",
    "version": "1.1.0",
    "description": "A Phaser 3 Project Template",
    "main": "src/index.js",
    "scripts": {
      "build": "webpack --config webpack/prod.js ",
      "start": "webpack-dev-server --config webpack/base.js --open"
    },
    "repository": {
      "type": "git",
      "url": "git+https://github.com/photonstorm/phaser3-project-template.git"
    },
    "author": "Richard Davey <rdavey@gmail.com> (http://www.photonstorm.com)",
    "license": "MIT",
    "licenseUrl": "http://www.opensource.org/licenses/mit-license.php",
    "bugs": {
      "url": "https://github.com/photonstorm/phaser3-project-template/issues"
    },
    "homepage": "https://github.com/photonstorm/phaser3-project-template#readme",
    "devDependencies": {
      "@babel/core": "^7.2.2",
      "@babel/preset-env": "^7.2.3",
      "babel-loader": "^8.0.5",
      "clean-webpack-plugin": "^1.0.0",
      "file-loader": "^3.0.1",
      "html-webpack-plugin": "^3.2.0",
      "raw-loader": "^1.0.0",
      "terser-webpack-plugin": "^1.2.1",
      "webpack": "^4.28.3",
      "webpack-cli": "^3.2.1",
      "webpack-dev-server": "^3.1.14",
      "webpack-merge": "^4.2.1"
    },
    "dependencies": {
      "phaser": "^3.15.1"
    }
  }

yarn manifest: 
  No manifest

Lockfile: 
  No lockfile
